
[2026-01-28 16:48:29.703666] ASSIGNMENT:
  Candidate: gopalmuri2004@gmail.com
  Password: 6bOalET9dC
  Link: http://localhost:5173/portal/login

[2026-01-28 16:51:31.397239] ASSIGNMENT:
  Candidate: gopalmuri2004@gmail.com
  Password: sveVxHg6dk
  Link: http://localhost:5173/portal/login

[2026-01-28 16:54:58.550594] ASSIGNMENT:
  Candidate: gopalmuri2004@gmail.com
  Password: sB81luCjXS
  Link: http://localhost:5173/portal/login

[2026-01-28 17:14:43.871177] ASSIGNMENT:
  Candidate: sachinnaikar2004@gmail.com
  Password: kvgNdgzZ8n
  Link: http://localhost:5173/portal/login

[2026-01-28 17:15:07.168170] ASSIGNMENT:
  Candidate: gopalmuri2004@gmail.com
  Password: tuD5ObYmzv
  Link: http://localhost:5173/portal/login

[2026-02-11 11:14:45.694314] ASSIGNMENT:
  Candidate: gopalmuri2004@gmail.com
  Password: rWuk6ZFv8h
  Link: http://localhost:5173/portal/login

[2026-02-11 11:28:34.027102] ASSIGNMENT:
  Candidate: gopalmuri2004@gmail.com
  Password: ODZiwR36ws
  Link: http://localhost:5173/portal/login

[2026-02-11 11:34:44.694686] ASSIGNMENT:
  Candidate: gopalmuri1919@gmail.com
  Password: r7lmmTEmvS
  Link: http://localhost:5173/portal/login

[2026-02-11 11:39:06.147298] ASSIGNMENT:
  Candidate: gopalmuri1919@gmail.com
  Password: Cg5NZX8brT
  Link: http://localhost:5173/portal/login

[2026-02-11 11:48:09.681168] ASSIGNMENT:
  Candidate: gopalmuri1919@gmail.com
  Password: rPPGxXCSoq
  Link: http://localhost:5173/portal/login

[2026-02-11 11:52:54.957607] ASSIGNMENT:
  Candidate: gopalmuri1919@gmail.com
  Password: pHNjN2QMpU
  Link: http://localhost:5173/portal/login

[2026-02-11 12:00:37.804500] ASSIGNMENT:
  Candidate: gopalmuri2004@gmail.com
  Password: 2KQYBit1LJ
  Link: http://localhost:5173/portal/login

[2026-02-11 12:14:33.844080] ASSIGNMENT:
  Candidate: gopalmuri2004@gmail.com
  Password: aeqM5na22Q
  Link: http://localhost:5173/portal/login

[2026-02-11 12:16:19.149731] ASSIGNMENT:
  Candidate: gopalmuri2004@gmail.com
  Password: igsmR3ysWQ
  Link: http://localhost:5173/portal/login

[2026-02-11 12:31:59.099669] ASSIGNMENT:
  Candidate: gopalmuri2004@gmail.com
  Password: sTX9AeqzwJ
  Link: http://localhost:5173/portal/login

[2026-02-11 12:33:08.633280] ASSIGNMENT:
  Candidate: gopalmuri2004@gmail.com
  Password: xA2g0zwbaz
  Link: http://localhost:5173/portal/login

[2026-02-11 12:39:51.515473] ASSIGNMENT:
  Candidate: gopalmuri2004@gmail.com
  Password: 1Hw1vkocF2
  Link: http://localhost:5173/portal/login

[2026-02-11 12:43:47.777135] ASSIGNMENT:
  Candidate: gopalmuri2004@gmail.com
  Password: vTV9U60fdP
  Link: http://localhost:5173/portal/login

[2026-02-11 12:47:05.250828] ASSIGNMENT:
  Candidate: gopalmuri2004@gmail.com
  Password: xpZzXMZWzB
  Link: http://localhost:5173/portal/login

[2026-02-11 12:49:24.905615] ASSIGNMENT:
  Candidate: gopalmuri2004@gmail.com
  Password: eop9hMsdiv
  Link: http://localhost:5173/portal/login

[2026-02-11 12:55:46.157809] ASSIGNMENT:
  Candidate: gopalmuri2004@gmail.com
  Password: qm3yXzKHmP
  Link: http://localhost:5173/portal/login

[2026-02-11 12:57:28.773899] ASSIGNMENT:
  Candidate: gopalmuri2004@gmail.com
  Password: RNay75HyGi
  Link: http://localhost:5173/portal/login

[2026-02-11 13:36:55.370282] ASSIGNMENT:
  Candidate: gopalmuri2004@gmail.com
  Password: 8NMl7aOrhA
  Link: http://localhost:5173/portal/login

[2026-02-11 13:38:39.674618] ASSIGNMENT:
  Candidate: gopalmuri2004@gmail.com
  Password: VjR56mMz3F
  Link: http://localhost:5173/portal/login

[2026-02-11 13:40:03.243359] ASSIGNMENT:
  Candidate: gopalmuri2004@gmail.com
  Password: faUSL9HW5c
  Link: http://localhost:5173/portal/login

[2026-02-11 14:47:53.084685] ASSIGNMENT:
  Candidate: gopalmuri1919@gmail.com
  Password: SEQwQAoanE
  Link: http://localhost:5173/portal/login
